0 info it worked if it ends with ok
1 verbose cli [ '/usr/local/Cellar/node/5.9.1/bin/node',
1 verbose cli   '/usr/local/bin/npm',
1 verbose cli   'run',
1 verbose cli   'test' ]
2 info using npm@3.7.3
3 info using node@v5.9.1
4 verbose run-script [ 'pretest', 'test', 'posttest' ]
5 info lifecycle react-redux-seed@1.0.0~pretest: react-redux-seed@1.0.0
6 verbose lifecycle react-redux-seed@1.0.0~pretest: unsafe-perm in lifecycle true
7 verbose lifecycle react-redux-seed@1.0.0~pretest: PATH: /usr/local/lib/node_modules/npm/bin/node-gyp-bin:/Users/karen/code/react-redux-seed/node_modules/.bin:/usr/local/Cellar/node/5.9.1/bin:/usr/local/bin:/usr/bin:/bin:/usr/sbin:/sbin
8 verbose lifecycle react-redux-seed@1.0.0~pretest: CWD: /Users/karen/code/react-redux-seed
9 silly lifecycle react-redux-seed@1.0.0~pretest: Args: [ '-c', 'npm run lint' ]
10 silly lifecycle react-redux-seed@1.0.0~pretest: Returned: code: 1  signal: null
11 info lifecycle react-redux-seed@1.0.0~pretest: Failed to exec pretest script
12 verbose stack Error: react-redux-seed@1.0.0 pretest: `npm run lint`
12 verbose stack Exit status 1
12 verbose stack     at EventEmitter.<anonymous> (/usr/local/lib/node_modules/npm/lib/utils/lifecycle.js:239:16)
12 verbose stack     at emitTwo (events.js:100:13)
12 verbose stack     at EventEmitter.emit (events.js:185:7)
12 verbose stack     at ChildProcess.<anonymous> (/usr/local/lib/node_modules/npm/lib/utils/spawn.js:24:14)
12 verbose stack     at emitTwo (events.js:100:13)
12 verbose stack     at ChildProcess.emit (events.js:185:7)
12 verbose stack     at maybeClose (internal/child_process.js:850:16)
12 verbose stack     at Process.ChildProcess._handle.onexit (internal/child_process.js:215:5)
13 verbose pkgid react-redux-seed@1.0.0
14 verbose cwd /Users/karen/code/react-redux-seed
15 error Darwin 15.4.0
16 error argv "/usr/local/Cellar/node/5.9.1/bin/node" "/usr/local/bin/npm" "run" "test"
17 error node v5.9.1
18 error npm  v3.7.3
19 error code ELIFECYCLE
20 error react-redux-seed@1.0.0 pretest: `npm run lint`
20 error Exit status 1
21 error Failed at the react-redux-seed@1.0.0 pretest script 'npm run lint'.
21 error Make sure you have the latest version of node.js and npm installed.
21 error If you do, this is most likely a problem with the react-redux-seed package,
21 error not with npm itself.
21 error Tell the author that this fails on your system:
21 error     npm run lint
21 error You can get information on how to open an issue for this project with:
21 error     npm bugs react-redux-seed
21 error Or if that isn't available, you can get their info via:
21 error     npm owner ls react-redux-seed
21 error There is likely additional logging output above.
22 verbose exit [ 1, true ]
